<?xml version="1.0" encoding="UTF-8"?>
<!-- Generated by org.testng.reporters.JUnitReportReporter -->
<testsuite skipped="0" hostname="DESKTOP-AO32I9U" name="testScripts.SearchTest" tests="1" failures="0" timestamp="16 Mar 2020 17:33:08 GMT" time="21.596" errors="0">
  <testcase name="Searchoptions" time="21.596" classname="testScripts.SearchTest"/>
</testsuite> <!-- testScripts.SearchTest -->
