<?xml version="1.0" encoding="UTF-8"?>
<!-- Generated by org.testng.reporters.JUnitReportReporter -->
<testsuite skipped="0" hostname="DESKTOP-AO32I9U" name="testScripts.EditVendorName" tests="1" failures="0" timestamp="16 Mar 2020 17:28:59 GMT" time="35.395" errors="0">
  <testcase name="vendorEdit" time="35.395" classname="testScripts.EditVendorName"/>
</testsuite> <!-- testScripts.EditVendorName -->
